\BOOKMARK [0][-]{chapter*.5}{Nomenclature}{}% 1
\BOOKMARK [0][-]{chapter.1}{Introduction}{}% 2
\BOOKMARK [1][-]{section.1.1}{Motivation}{chapter.1}% 3
\BOOKMARK [1][-]{section.1.2}{Objective}{chapter.1}% 4
\BOOKMARK [1][-]{section.1.3}{Experimental Setup with Caffe}{chapter.1}% 5
\BOOKMARK [1][-]{section.1.4}{CamVid Dataset}{chapter.1}% 6
\BOOKMARK [1][-]{section.1.5}{Overview}{chapter.1}% 7
\BOOKMARK [0][-]{chapter.2}{Related Work}{}% 8
\BOOKMARK [1][-]{section.2.1}{Semantic Segmentation}{chapter.2}% 9
\BOOKMARK [1][-]{section.2.2}{Temporary Semantic Segmentation}{chapter.2}% 10
\BOOKMARK [0][-]{chapter.3}{Theoretical Framework}{}% 11
\BOOKMARK [1][-]{section.3.1}{Convolutional Neural Networks}{chapter.3}% 12
\BOOKMARK [2][-]{subsection.3.1.1}{Convolution Operation}{section.3.1}% 13
\BOOKMARK [2][-]{subsection.3.1.2}{Convolutional Layer}{section.3.1}% 14
\BOOKMARK [2][-]{subsection.3.1.3}{Deconvolutional Layer}{section.3.1}% 15
\BOOKMARK [1][-]{section.3.2}{Convolution parameters}{chapter.3}% 16
\BOOKMARK [2][-]{subsection.3.2.1}{Learning}{section.3.2}% 17
\BOOKMARK [2][-]{subsection.3.2.2}{Optimization}{section.3.2}% 18
\BOOKMARK [1][-]{section.3.3}{CNN outputs}{chapter.3}% 19
\BOOKMARK [1][-]{section.3.4}{Classifiers}{chapter.3}% 20
\BOOKMARK [2][-]{subsection.3.4.1}{AlexNet}{section.3.4}% 21
\BOOKMARK [2][-]{subsection.3.4.2}{GoogLeNet}{section.3.4}% 22
\BOOKMARK [1][-]{section.3.5}{Semantic Segmentation}{chapter.3}% 23
\BOOKMARK [1][-]{section.3.6}{Efficient based graph segmentation}{chapter.3}% 24
\BOOKMARK [2][-]{subsection.3.6.1}{Watershed cuts}{section.3.6}% 25
\BOOKMARK [2][-]{subsection.3.6.2}{Optical Flow}{section.3.6}% 26
\BOOKMARK [1][-]{section.3.7}{Causal graph-based segmentation}{chapter.3}% 27
\BOOKMARK [0][-]{chapter.4}{Experimental Framework}{}% 28
\BOOKMARK [1][-]{section.4.1}{Adapting classifiers}{chapter.4}% 29
\BOOKMARK [1][-]{section.4.2}{F}{chapter.4}% 30
\BOOKMARK [1][-]{section.4.3}{AlexNet}{chapter.4}% 31
\BOOKMARK [1][-]{section.4.4}{Dropout}{chapter.4}% 32
\BOOKMARK [1][-]{section.4.5}{Weight Filler}{chapter.4}% 33
\BOOKMARK [1][-]{section.4.6}{Learning Rate}{chapter.4}% 34
\BOOKMARK [1][-]{section.4.7}{Net Surgery}{chapter.4}% 35
\BOOKMARK [1][-]{section.4.8}{Fine-tuning}{chapter.4}% 36
\BOOKMARK [1][-]{section.4.9}{CamVid Dataset}{chapter.4}% 37
\BOOKMARK [1][-]{section.4.10}{Temporary Consistent segmentation}{chapter.4}% 38
\BOOKMARK [1][-]{section.4.11}{Results}{chapter.4}% 39
\BOOKMARK [0][-]{chapter.5}{Conclusions and Outlook}{}% 40
\BOOKMARK [1][-]{section.5.1}{Outlook}{chapter.5}% 41
\BOOKMARK [1][-]{section.5.2}{Future Work}{chapter.5}% 42
\BOOKMARK [1][-]{section.5.3}{Results and Conclusions}{chapter.5}% 43
\BOOKMARK [0][-]{chapter*.30}{Bibliography}{}% 44
\BOOKMARK [0][-]{appendix.A}{Appendix}{}% 45
